<?xml version="1.0" encoding="UTF-8"?>
<!-- Generated by org.testng.reporters.JUnitReportReporter -->
<testsuite hostname="DESKTOP-414SEUC" failures="0" tests="1" name="extentreport.ToAttachScreenShot" time="24.258" errors="0" timestamp="2024-11-07T13:48:51 IST" skipped="0">
  <testcase classname="extentreport.ToAttachScreenShot" name="addScreenshot" time="24.258"/>
  <system-out/>
</testsuite> <!-- extentreport.ToAttachScreenShot -->
