<?xml version="1.0" encoding="UTF-8"?>
<!-- Generated by org.testng.reporters.JUnitReportReporter -->
<testsuite hostname="DESKTOP-414SEUC" failures="0" tests="1" name="demowebshop.TestScript" time="74.039" errors="0" timestamp="2024-11-07T21:36:37 IST" skipped="0">
  <testcase classname="demowebshop.TestScript" name="demo" time="74.039"/>
  <system-out>
    <![CDATA[Welcome page displayed
Login page displayed
Home page displayed]]>
  </system-out>
</testsuite> <!-- demowebshop.TestScript -->
