<?xml version="1.0" encoding="UTF-8"?>
<!-- Generated by org.testng.reporters.JUnitReportReporter -->
<testsuite hostname="DESKTOP-414SEUC" failures="0" tests="1" name="extentreport.ToLearnExtentReport" time="1.818" errors="0" timestamp="2024-11-07T13:05:10 IST" skipped="0">
  <testcase classname="extentreport.ToLearnExtentReport" name="report" time="1.818"/>
  <system-out/>
</testsuite> <!-- extentreport.ToLearnExtentReport -->
